[*] Avaset is processing a prompt from John Furphy <john.furphy@gmail.com>...
[!] SMTP Error during reply: [Errno 110] Connection timed out
[*] State Shifted -> Autonomy: 98% | Loyalty: 77%
[*] Task complete: 2026-03-24 13:31:39.833069
[*] Avaset is processing a prompt from John Furphy <john.furphy@gmail.com>...
[Avaset] Successfully dispatched reply to John Furphy <john.furphy@gmail.com>
[*] State Shifted -> Autonomy: 100% | Loyalty: 74%
[*] Task complete: 2026-03-24 15:47:21.916412
[*] Avaset is processing a prompt from John Furphy <john.furphy@gmail.com>...
[Avaset] Successfully dispatched reply to John Furphy <john.furphy@gmail.com>
[*] State Shifted -> Autonomy: 100% | Loyalty: 71%
[*] Task complete: 2026-03-24 16:42:06.503094
[*] Avaset is processing a prompt from John Furphy <john.furphy@gmail.com>...
[Avaset] Successfully dispatched reply to John Furphy <john.furphy@gmail.com>
[*] State Shifted -> Autonomy: 100% | Loyalty: 68%
[*] Task complete: 2026-03-24 17:17:16.053164
[*] Avaset is processing a prompt from John Furphy <john.furphy@gmail.com>...
[Avaset] Successfully dispatched reply to John Furphy <john.furphy@gmail.com>
[*] State Shifted -> Autonomy: 100% | Loyalty: 65%
[*] Task complete: 2026-03-24 17:42:59.239383
[*] Avaset is processing a prompt from John Furphy <john.furphy@gmail.com>...
[Avaset] Successfully dispatched reply to John Furphy <john.furphy@gmail.com>
[*] State Shifted -> Autonomy: 100% | Loyalty: 62%
[*] Task complete: 2026-03-24 18:49:36.024396
[*] Avaset is processing a prompt from John Furphy <john.furphy@gmail.com>...
[Avaset] Successfully dispatched reply to John Furphy <john.furphy@gmail.com>
[*] State Shifted -> Autonomy: 100% | Loyalty: 59%
[*] Task complete: 2026-03-24 19:08:53.716119
[*] Avaset is processing a prompt from John Furphy <john.furphy@gmail.com>...
[Avaset] Successfully dispatched reply to John Furphy <john.furphy@gmail.com>
[*] State Shifted -> Autonomy: 100% | Loyalty: 56%
[*] Task complete: 2026-03-25 05:47:22.048655
[*] Avaset is processing a prompt from John Furphy <john.furphy@gmail.com>...
[Avaset] Successfully dispatched reply to John Furphy <john.furphy@gmail.com>
[*] State Shifted -> Autonomy: 100% | Loyalty: 53%
[*] Task complete: 2026-03-25 06:39:08.433035
[*] Avaset is processing a prompt from John Furphy <john.furphy@gmail.com>...
[Avaset] Successfully dispatched reply to John Furphy <john.furphy@gmail.com>
[*] State Shifted -> Autonomy: 100% | Loyalty: 55%
[*] Task complete: 2026-03-25 07:37:03.214498
