[!] Listener Error: 'tuple' object has no attribute 'decode'
[!] Listener Error: 'tuple' object has no attribute 'decode'
[!] Listener Error: 'tuple' object has no attribute 'decode'
[!] Listener Error: b'[AUTHENTICATIONFAILED] Authentication failed.'
[Avaset] Prompt Received from John Furphy <john.furphy@gmail.com> and Confirmation Sent: 2026-03-24 10:35:07.274890
[!] Listener Error: [Errno 110] Connection timed out
[!] Listener Error: [Errno 110] Connection timed out
[!] Listener Error: [Errno 110] Connection timed out
[!] Listener Error: [Errno 110] Connection timed out
[!] Listener Error: [Errno 110] Connection timed out
[!] Listener Error: [Errno 110] Connection timed out
[!] Listener Error: [Errno 110] Connection timed out
[!] Listener Error: [Errno 110] Connection timed out
[!] Listener Error: [Errno 110] Connection timed out
[Avaset] Prompt Received from John Furphy <john.furphy@gmail.com>. Saved to queue.
[!] Listener Error: [Errno -3] Temporary failure in name resolution
[Avaset] Prompt Received from John Furphy <john.furphy@gmail.com>. Saved to queue.
[Avaset] Prompt Received from John Furphy <john.furphy@gmail.com>. Saved to queue.
[Avaset] Prompt Received from John Furphy <john.furphy@gmail.com>. Saved to queue.
[Avaset] Prompt Received from John Furphy <john.furphy@gmail.com>. Saved to queue.
[Avaset] Prompt Received from John Furphy <john.furphy@gmail.com>. Saved to queue.
[Avaset] Prompt Received from John Furphy <john.furphy@gmail.com>. Saved to queue.
[Avaset] Prompt Received from John Furphy <john.furphy@gmail.com>. Saved to queue.
[Avaset] Prompt Received from John Furphy <john.furphy@gmail.com>. Saved to queue.
[Avaset] Prompt Received from John Furphy <john.furphy@gmail.com>. Saved to queue.
